
2023-04-28 19:12:49...installerHook: Info: custom/install/install_hooks.php not present, no custom hooks to execute
2023-04-28 19:12:52...Begin System Check Process *************
2023-04-28 19:12:52...XML Parsing Support Found
2023-04-28 19:12:52...JSON Parsing Support Found
2023-04-28 19:12:52...MBString Support Found
2023-04-28 19:12:52...ZIP Support Found
2023-04-28 19:12:52.../custom directory and subdirectory check passed
2023-04-28 19:12:52...cache directory and subdirectory check passed
2023-04-28 19:12:53.../module  directory and subdirectory check passed
2023-04-28 19:12:53.../upload directory check passed
2023-04-28 19:12:53.../zip check passed
2023-04-28 19:12:53...PCRE version check passed
2023-04-28 19:12:53...installerHook: Info: custom/install/install_hooks.php not present, no custom hooks to execute
2023-04-28 19:12:53...php.ini location found. C:\wamp64\bin\apache\apache2.4.54.2\bin\php.ini
2023-04-28 19:12:53...Outputting HTML for System check
2023-04-28 19:12:53...No Errors were found *************
2023-04-28 19:12:53...installerHook: Info: custom/install/install_hooks.php not present, no custom hooks to execute
2023-04-28 19:12:55...installerHook: Info: custom/install/install_hooks.php not present, no custom hooks to execute
2023-04-28 19:13:05...Begin DB Check Process *************
2023-04-28 19:13:05...testing with mysql:mysqli
2023-04-28 19:13:05...Basic form info is valid, continuing Process.
2023-04-28 19:13:05...Testing user account...
2023-04-28 19:13:05...Connection made using  host: localhost, usr: root
2023-04-28 19:13:05...SUCCESS:: no errors detected!
2023-04-28 19:13:05...End DB Check Process *************
2023-04-28 19:13:05...installerHook: Info: custom/install/install_hooks.php not present, no custom hooks to execute
2023-04-28 19:13:05...calling handleSugarConfig()
2023-04-28 19:13:05...calling handleHtaccess()
2023-04-28 19:13:05...calling handleDbCreateDatabase()
2023-04-28 19:13:05...looping through all the Beans and create their tables
2023-04-28 19:13:05...processing table acl_actions
2023-04-28 19:13:05...creating table acl_actions
2023-04-28 19:13:05...creating Relationship Meta for ACLAction
2023-04-28 19:13:05...processing table acl_roles
2023-04-28 19:13:05...creating table acl_roles
2023-04-28 19:13:05...creating Relationship Meta for ACLRole
2023-04-28 19:13:05...processing table relationships
2023-04-28 19:13:05...creating table relationships
2023-04-28 19:13:05...creating Relationship Meta for Relationship
2023-04-28 19:13:05...processing table leads
2023-04-28 19:13:05...creating table leads
2023-04-28 19:13:05...creating Relationship Meta for Lead
2023-04-28 19:13:05...processing table cases
2023-04-28 19:13:05...creating table cases
2023-04-28 19:13:05...creating Relationship Meta for Case
2023-04-28 19:13:05...processing table bugs
2023-04-28 19:13:05...creating table bugs
2023-04-28 19:13:05...creating Relationship Meta for Bug
2023-04-28 19:13:05...processing table users
2023-04-28 19:13:06...creating table users
2023-04-28 19:13:06...creating Relationship Meta for User
2023-04-28 19:13:06...processing table campaign_log
2023-04-28 19:13:06...creating table campaign_log
2023-04-28 19:13:06...creating Relationship Meta for CampaignLog
2023-04-28 19:13:06...processing table project
2023-04-28 19:13:06...creating table project
2023-04-28 19:13:06...creating Relationship Meta for Project
2023-04-28 19:13:06...processing table project_task
2023-04-28 19:13:06...creating table project_task
2023-04-28 19:13:06...creating Relationship Meta for ProjectTask
2023-04-28 19:13:06...processing table campaigns
2023-04-28 19:13:06...creating table campaigns
2023-04-28 19:13:06...creating Relationship Meta for Campaign
2023-04-28 19:13:06...processing table prospect_lists
2023-04-28 19:13:06...creating table prospect_lists
2023-04-28 19:13:06...creating Relationship Meta for ProspectList
2023-04-28 19:13:06...processing table prospects
2023-04-28 19:13:06...creating table prospects
2023-04-28 19:13:06...creating Relationship Meta for Prospect
2023-04-28 19:13:06...processing table email_marketing
2023-04-28 19:13:06...creating table email_marketing
2023-04-28 19:13:06...creating Relationship Meta for EmailMarketing
2023-04-28 19:13:06...processing table campaign_trkrs
2023-04-28 19:13:06...creating table campaign_trkrs
2023-04-28 19:13:06...creating Relationship Meta for CampaignTracker
2023-04-28 19:13:06...processing table releases
2023-04-28 19:13:06...creating table releases
2023-04-28 19:13:06...creating Relationship Meta for Release
2023-04-28 19:13:06...processing table emailman
2023-04-28 19:13:06...creating table emailman
2023-04-28 19:13:06...creating Relationship Meta for EmailMan
2023-04-28 19:13:06...processing table schedulers
2023-04-28 19:13:06...creating table schedulers
2023-04-28 19:13:06...creating Relationship Meta for Scheduler
2023-04-28 19:13:06...processing table job_queue
2023-04-28 19:13:06...creating table job_queue
2023-04-28 19:13:06...creating Relationship Meta for SchedulersJob
2023-04-28 19:13:06...processing table contacts
2023-04-28 19:13:06...creating table contacts
2023-04-28 19:13:06...creating Relationship Meta for Contact
2023-04-28 19:13:06...processing table accounts
2023-04-28 19:13:07...creating table accounts
2023-04-28 19:13:07...creating Relationship Meta for Account
2023-04-28 19:13:07...processing table opportunities
2023-04-28 19:13:07...creating table opportunities
2023-04-28 19:13:07...creating Relationship Meta for Opportunity
2023-04-28 19:13:07...processing table email_templates
2023-04-28 19:13:07...creating table email_templates
2023-04-28 19:13:07...creating Relationship Meta for EmailTemplate
2023-04-28 19:13:07...processing table notes
2023-04-28 19:13:07...creating table notes
2023-04-28 19:13:07...creating Relationship Meta for Note
2023-04-28 19:13:07...processing table calls
2023-04-28 19:13:07...creating table calls
2023-04-28 19:13:07...creating Relationship Meta for Call
2023-04-28 19:13:07...processing table emails
2023-04-28 19:13:07...creating table emails
2023-04-28 19:13:07...creating Relationship Meta for Email
2023-04-28 19:13:07...processing table meetings
2023-04-28 19:13:07...creating table meetings
2023-04-28 19:13:07...creating Relationship Meta for Meeting
2023-04-28 19:13:07...processing table tasks
2023-04-28 19:13:07...creating table tasks
2023-04-28 19:13:07...creating Relationship Meta for Task
2023-04-28 19:13:07...processing table users
2023-04-28 19:13:07...processing table users
2023-04-28 19:13:07...processing table currencies
2023-04-28 19:13:07...creating table currencies
2023-04-28 19:13:07...creating Relationship Meta for Currency
2023-04-28 19:13:07...processing table tracker
2023-04-28 19:13:07...creating table tracker
2023-04-28 19:13:07...creating Relationship Meta for Tracker
2023-04-28 19:13:07...processing table import_maps
2023-04-28 19:13:07...creating table import_maps
2023-04-28 19:13:07...creating Relationship Meta for ImportMap
2023-04-28 19:13:07...processing table users_last_import
2023-04-28 19:13:07...creating table users_last_import
2023-04-28 19:13:07...creating Relationship Meta for UsersLastImport
2023-04-28 19:13:07...processing table config
2023-04-28 19:13:07...creating table config
2023-04-28 19:13:07...creating Relationship Meta for Administration
2023-04-28 19:13:07...processing table upgrade_history
2023-04-28 19:13:07...creating table upgrade_history
2023-04-28 19:13:07...creating Relationship Meta for UpgradeHistory
2023-04-28 19:13:07...processing table vcals
2023-04-28 19:13:07...creating table vcals
2023-04-28 19:13:07...creating Relationship Meta for vCal
2023-04-28 19:13:07...processing table alerts
2023-04-28 19:13:07...creating table alerts
2023-04-28 19:13:07...creating Relationship Meta for Alert
2023-04-28 19:13:07...processing table roles
2023-04-28 19:13:07...creating table roles
2023-04-28 19:13:07...creating Relationship Meta for Role
2023-04-28 19:13:07...processing table documents
2023-04-28 19:13:08...creating table documents
2023-04-28 19:13:08...creating Relationship Meta for Document
2023-04-28 19:13:08...processing table document_revisions
2023-04-28 19:13:08...creating table document_revisions
2023-04-28 19:13:08...creating Relationship Meta for DocumentRevision
2023-04-28 19:13:08...processing table fields_meta_data
2023-04-28 19:13:08...creating table fields_meta_data
2023-04-28 19:13:08...creating Relationship Meta for FieldsMetaData
2023-04-28 19:13:08...processing table 
2023-04-28 19:13:08...processing table inbound_email
2023-04-28 19:13:08...creating table inbound_email
2023-04-28 19:13:08...creating Relationship Meta for InboundEmail
2023-04-28 19:13:08...processing table saved_search
2023-04-28 19:13:08...creating table saved_search
2023-04-28 19:13:08...creating Relationship Meta for SavedSearch
2023-04-28 19:13:08...processing table user_preferences
2023-04-28 19:13:08...creating table user_preferences
2023-04-28 19:13:08...creating Relationship Meta for UserPreference
2023-04-28 19:13:08...processing table 
2023-04-28 19:13:08...processing table email_addresses
2023-04-28 19:13:08...creating table email_addresses
2023-04-28 19:13:08...creating Relationship Meta for EmailAddress
2023-04-28 19:13:08...processing table emails_text
2023-04-28 19:13:08...creating table emails_text
2023-04-28 19:13:08...creating Relationship Meta for EmailText
2023-04-28 19:13:08...processing table spots
2023-04-28 19:13:08...creating table spots
2023-04-28 19:13:08...creating Relationship Meta for Spots
2023-04-28 19:13:08...processing table aobh_businesshours
2023-04-28 19:13:08...creating table aobh_businesshours
2023-04-28 19:13:08...creating Relationship Meta for AOBH_BusinessHours
2023-04-28 19:13:08...processing table sugarfeed
2023-04-28 19:13:08...creating table sugarfeed
2023-04-28 19:13:08...creating Relationship Meta for SugarFeed
2023-04-28 19:13:08...processing table eapm
2023-04-28 19:13:08...creating table eapm
2023-04-28 19:13:08...creating Relationship Meta for EAPM
2023-04-28 19:13:08...processing table oauth_consumer
2023-04-28 19:13:08...creating table oauth_consumer
2023-04-28 19:13:08...creating Relationship Meta for OAuthKey
2023-04-28 19:13:08...processing table oauth_tokens
2023-04-28 19:13:08...creating table oauth_tokens
2023-04-28 19:13:08...creating Relationship Meta for OAuthToken
2023-04-28 19:13:08...processing table am_projecttemplates
2023-04-28 19:13:08...creating table am_projecttemplates
2023-04-28 19:13:08...creating Relationship Meta for AM_ProjectTemplates
2023-04-28 19:13:08...processing table am_tasktemplates
2023-04-28 19:13:08...creating table am_tasktemplates
2023-04-28 19:13:08...creating Relationship Meta for AM_TaskTemplates
2023-04-28 19:13:08...processing table favorites
2023-04-28 19:13:08...creating table favorites
2023-04-28 19:13:08...creating Relationship Meta for Favorites
2023-04-28 19:13:08...processing table aok_knowledge_base_categories
2023-04-28 19:13:08...creating table aok_knowledge_base_categories
2023-04-28 19:13:08...creating Relationship Meta for AOK_Knowledge_Base_Categories
2023-04-28 19:13:08...processing table aok_knowledgebase
2023-04-28 19:13:09...creating table aok_knowledgebase
2023-04-28 19:13:09...creating Relationship Meta for AOK_KnowledgeBase
2023-04-28 19:13:09...processing table reminders
2023-04-28 19:13:09...creating table reminders
2023-04-28 19:13:09...creating Relationship Meta for Reminder
2023-04-28 19:13:09...processing table reminders_invitees
2023-04-28 19:13:09...creating table reminders_invitees
2023-04-28 19:13:09...creating Relationship Meta for Reminder_Invitee
2023-04-28 19:13:09...processing table fp_events
2023-04-28 19:13:09...creating table fp_events
2023-04-28 19:13:09...creating Relationship Meta for FP_events
2023-04-28 19:13:09...processing table fp_event_locations
2023-04-28 19:13:09...creating table fp_event_locations
2023-04-28 19:13:09...creating Relationship Meta for FP_Event_Locations
2023-04-28 19:13:09...processing table aod_indexevent
2023-04-28 19:13:09...creating table aod_indexevent
2023-04-28 19:13:09...creating Relationship Meta for AOD_IndexEvent
2023-04-28 19:13:09...processing table aod_index
2023-04-28 19:13:09...creating table aod_index
2023-04-28 19:13:09...creating Relationship Meta for AOD_Index
2023-04-28 19:13:09...processing table aop_case_events
2023-04-28 19:13:09...creating table aop_case_events
2023-04-28 19:13:09...creating Relationship Meta for AOP_Case_Events
2023-04-28 19:13:09...processing table aop_case_updates
2023-04-28 19:13:09...creating table aop_case_updates
2023-04-28 19:13:09...creating Relationship Meta for AOP_Case_Updates
2023-04-28 19:13:09...processing table aor_reports
2023-04-28 19:13:09...creating table aor_reports
2023-04-28 19:13:09...creating Relationship Meta for AOR_Report
2023-04-28 19:13:09...processing table aor_fields
2023-04-28 19:13:09...creating table aor_fields
2023-04-28 19:13:09...creating Relationship Meta for AOR_Field
2023-04-28 19:13:09...processing table aor_charts
2023-04-28 19:13:09...creating table aor_charts
2023-04-28 19:13:09...creating Relationship Meta for AOR_Chart
2023-04-28 19:13:09...processing table aor_conditions
2023-04-28 19:13:09...creating table aor_conditions
2023-04-28 19:13:09...creating Relationship Meta for AOR_Condition
2023-04-28 19:13:09...processing table aor_scheduled_reports
2023-04-28 19:13:10...creating table aor_scheduled_reports
2023-04-28 19:13:10...creating Relationship Meta for AOR_Scheduled_Reports
2023-04-28 19:13:10...processing table aos_contracts
2023-04-28 19:13:10...creating table aos_contracts
2023-04-28 19:13:10...creating Relationship Meta for AOS_Contracts
2023-04-28 19:13:10...processing table aos_invoices
2023-04-28 19:13:10...creating table aos_invoices
2023-04-28 19:13:10...creating Relationship Meta for AOS_Invoices
2023-04-28 19:13:10...processing table aos_pdf_templates
2023-04-28 19:13:10...creating table aos_pdf_templates
2023-04-28 19:13:10...creating Relationship Meta for AOS_PDF_Templates
2023-04-28 19:13:10...processing table aos_product_categories
2023-04-28 19:13:10...creating table aos_product_categories
2023-04-28 19:13:10...creating Relationship Meta for AOS_Product_Categories
2023-04-28 19:13:10...processing table aos_products
2023-04-28 19:13:10...creating table aos_products
2023-04-28 19:13:10...creating Relationship Meta for AOS_Products
2023-04-28 19:13:10...processing table aos_products_quotes
2023-04-28 19:13:10...creating table aos_products_quotes
2023-04-28 19:13:10...creating Relationship Meta for AOS_Products_Quotes
2023-04-28 19:13:10...processing table aos_line_item_groups
2023-04-28 19:13:10...creating table aos_line_item_groups
2023-04-28 19:13:10...creating Relationship Meta for AOS_Line_Item_Groups
2023-04-28 19:13:10...processing table aos_quotes
2023-04-28 19:13:10...creating table aos_quotes
2023-04-28 19:13:10...creating Relationship Meta for AOS_Quotes
2023-04-28 19:13:10...processing table aow_actions
2023-04-28 19:13:10...creating table aow_actions
2023-04-28 19:13:10...creating Relationship Meta for AOW_Action
2023-04-28 19:13:10...processing table aow_workflow
2023-04-28 19:13:10...creating table aow_workflow
2023-04-28 19:13:10...creating Relationship Meta for AOW_WorkFlow
2023-04-28 19:13:10...processing table aow_processed
2023-04-28 19:13:10...creating table aow_processed
2023-04-28 19:13:10...creating Relationship Meta for AOW_Processed
2023-04-28 19:13:10...processing table aow_conditions
2023-04-28 19:13:11...creating table aow_conditions
2023-04-28 19:13:11...creating Relationship Meta for AOW_Condition
2023-04-28 19:13:11...processing table jjwg_maps
2023-04-28 19:13:11...creating table jjwg_maps
2023-04-28 19:13:11...creating Relationship Meta for jjwg_Maps
2023-04-28 19:13:11...processing table jjwg_markers
2023-04-28 19:13:11...creating table jjwg_markers
2023-04-28 19:13:11...creating Relationship Meta for jjwg_Markers
2023-04-28 19:13:11...processing table jjwg_areas
2023-04-28 19:13:11...creating table jjwg_areas
2023-04-28 19:13:11...creating Relationship Meta for jjwg_Areas
2023-04-28 19:13:11...processing table jjwg_address_cache
2023-04-28 19:13:11...creating table jjwg_address_cache
2023-04-28 19:13:11...creating Relationship Meta for jjwg_Address_Cache
2023-04-28 19:13:11...processing table calls_reschedule
2023-04-28 19:13:11...creating table calls_reschedule
2023-04-28 19:13:11...creating Relationship Meta for Calls_Reschedule
2023-04-28 19:13:11...processing table securitygroups
2023-04-28 19:13:11...creating table securitygroups
2023-04-28 19:13:11...creating Relationship Meta for SecurityGroup
2023-04-28 19:13:11...processing table outbound_email
2023-04-28 19:13:11...creating table outbound_email
2023-04-28 19:13:11...creating Relationship Meta for OutboundEmailAccounts
2023-04-28 19:13:11...processing table external_oauth_connections
2023-04-28 19:13:11...creating table external_oauth_connections
2023-04-28 19:13:11...creating Relationship Meta for ExternalOAuthConnection
2023-04-28 19:13:11...processing table external_oauth_providers
2023-04-28 19:13:11...creating table external_oauth_providers
2023-04-28 19:13:11...creating Relationship Meta for ExternalOAuthProvider
2023-04-28 19:13:11...processing table templatesectionline
2023-04-28 19:13:11...creating table templatesectionline
2023-04-28 19:13:11...creating Relationship Meta for TemplateSectionLine
2023-04-28 19:13:11...processing table oauth2tokens
2023-04-28 19:13:12...creating table oauth2tokens
2023-04-28 19:13:12...creating Relationship Meta for OAuth2Tokens
2023-04-28 19:13:12...processing table oauth2clients
2023-04-28 19:13:12...creating table oauth2clients
2023-04-28 19:13:12...creating Relationship Meta for OAuth2Clients
2023-04-28 19:13:12...processing table surveyresponses
2023-04-28 19:13:12...creating table surveyresponses
2023-04-28 19:13:12...creating Relationship Meta for SurveyResponses
2023-04-28 19:13:12...processing table surveys
2023-04-28 19:13:12...creating table surveys
2023-04-28 19:13:12...creating Relationship Meta for Surveys
2023-04-28 19:13:12...processing table surveyquestionresponses
2023-04-28 19:13:12...creating table surveyquestionresponses
2023-04-28 19:13:12...creating Relationship Meta for SurveyQuestionResponses
2023-04-28 19:13:12...processing table surveyquestions
2023-04-28 19:13:12...creating table surveyquestions
2023-04-28 19:13:12...creating Relationship Meta for SurveyQuestions
2023-04-28 19:13:12...processing table surveyquestionoptions
2023-04-28 19:13:12...creating table surveyquestionoptions
2023-04-28 19:13:12...creating Relationship Meta for SurveyQuestionOptions
2023-04-28 19:13:13...Begin creating Defaults
2023-04-28 19:13:13...insert defaults into config table
2023-04-28 19:13:13...Creating default users
2023-04-28 19:13:13...Creating default scheduler jobs
2023-04-28 19:13:14...Enable SugarFeeds
2023-04-28 19:13:14...Installation has completed *********
2023-04-28 19:13:18...populating the db with seed data
2023-04-28 19:13:18...Save configuration settings..
2023-04-28 19:13:18...save locale
2023-04-28 19:13:18...new Administration
2023-04-28 19:13:18...retrieveSettings
2023-04-28 19:13:18...AdminWizard OFF
2023-04-28 19:13:18...saveConfig
2023-04-28 19:13:18...new Configurator
2023-04-28 19:13:18...populateFromPost
2023-04-28 19:13:18...handleOverride
2023-04-28 19:13:18...addCronAllowedUser
2023-04-28 19:13:19...saveConfig
2023-04-28 19:13:19...new Currency
2023-04-28 19:13:19...retrieve
2023-04-28 19:13:19...DBG: save currency
2023-04-28 19:13:19...Save user settings..
2023-04-28 19:13:19...DBG: SugarThemeRegistry::getDefault
2023-04-28 19:13:22...installerHook: Info: custom/install/install_hooks.php not present, no custom hooks to execute